<?xml version="1.0" encoding="UTF-8"?>
<!-- Generated by org.testng.reporters.JUnitReportReporter -->
<testsuite hostname="qa-win10-01-253" name="uk.co.automatictester.jwebfwk.runners.DownloadFeatureRunner" tests="1" failures="0" timestamp="13 Mar 2017 01:08:56 GMT" time="1.250" errors="0">
  <testcase name="run_cukes" time="1.250" classname="uk.co.automatictester.jwebfwk.runners.DownloadFeatureRunner"/>
</testsuite> <!-- uk.co.automatictester.jwebfwk.runners.DownloadFeatureRunner -->
