<?xml version="1.0" encoding="UTF-8"?>
<!-- Generated by org.testng.reporters.JUnitReportReporter -->
<testsuite hostname="qa-win10-01-253" name="uk.co.automatictester.jwebfwk.runners.FirstRunner" tests="1" failures="0" timestamp="29 Mar 2017 01:27:17 GMT" time="1.407" errors="0">
  <testcase name="run_cukes" time="1.407" classname="uk.co.automatictester.jwebfwk.runners.FirstRunner"/>
</testsuite> <!-- uk.co.automatictester.jwebfwk.runners.FirstRunner -->
