<?xml version="1.0" encoding="UTF-8"?>
<!-- Generated by org.testng.reporters.JUnitReportReporter -->
<testsuite hostname="tab112247.corpad.net.local" name="Sample.runners.ParentRunner" tests="1" failures="0" timestamp="29 Mar 2017 05:05:59 GMT" time="0.322" errors="0">
  <testcase name="run_cukes" time="0.322" classname="Sample.runners.ParentRunner"/>
</testsuite> <!-- Sample.runners.ParentRunner -->
