<?xml version="1.0" encoding="UTF-8"?>
<!-- Generated by org.testng.reporters.JUnitReportReporter -->
<testsuite hostname="tab112247.corpad.net.local" name="Sample.runners.FirstRunner" tests="1" failures="0" timestamp="29 Mar 2017 04:33:48 GMT" time="0.307" errors="0">
  <testcase name="run_cukes" time="0.307" classname="Sample.runners.FirstRunner"/>
</testsuite> <!-- Sample.runners.FirstRunner -->
