<?xml version="1.0" encoding="UTF-8"?>
<!-- Generated by org.testng.reporters.JUnitReportReporter -->
<testsuite hostname="tab112247.corpad.net.local" name="Sample.runners.SecondChildRunner.SecondChildRunner" tests="1" failures="0" timestamp="29 Mar 2017 05:05:59 GMT" time="0.020" errors="0">
  <testcase name="run_cukes" time="0.020" classname="Sample.runners.SecondChildRunner.SecondChildRunner"/>
</testsuite> <!-- Sample.runners.SecondChildRunner.SecondChildRunner -->
