<?xml version="1.0" encoding="UTF-8"?>
<!-- Generated by org.testng.reporters.JUnitReportReporter -->
<testsuite hostname="tab112247.corpad.net.local" name="uk.co.automatictester.jwebfwk.runners.FirstRunner" tests="1" failures="0" timestamp="29 Mar 2017 02:24:53 GMT" time="0.280" errors="0">
  <testcase name="run_cukes" time="0.280" classname="uk.co.automatictester.jwebfwk.runners.FirstRunner"/>
</testsuite> <!-- uk.co.automatictester.jwebfwk.runners.FirstRunner -->
